<?xml version="1.0" encoding="UTF-8"?>
<!-- Generated by org.testng.reporters.JUnitReportReporter -->
<testsuite hostname="LAPTOP-FDUTCRQG" failures="0" tests="1" name="testpages.StarHealthPageTest2" time="6.270" errors="0" timestamp="2023-10-24T13:21:46 IST" skipped="0">
  <testcase classname="testpages.StarHealthPageTest2" name="fetch_All_Link" time="6.270"/>
  <system-out/>
</testsuite> <!-- testpages.StarHealthPageTest2 -->
